<?xml version="1.0" encoding="UTF-8"?>
<testng-results ignored="0" total="1" passed="1" failed="0" skipped="0">
  <reporter-output>
  </reporter-output>
  <suite started-at="2023-08-30T11:34:03 CDT" name="Default suite" finished-at="2023-08-30T11:34:08 CDT" duration-ms="5055">
    <groups>
    </groups>
    <test started-at="2023-08-30T11:34:03 CDT" name="Default test" finished-at="2023-08-30T11:34:08 CDT" duration-ms="5055">
      <class name="tests.LoginTest">
        <test-method is-config="true" signature="setDriver()[pri:0, instance:tests.LoginTest@3f4faf53]" started-at="2023-08-30T11:34:03 CDT" name="setDriver" finished-at="2023-08-30T11:34:06 CDT" duration-ms="3050" status="PASS">
          <reporter-output>
          </reporter-output>
        </test-method> <!-- setDriver -->
        <test-method signature="logintest1()[pri:0, instance:tests.LoginTest@3f4faf53]" started-at="2023-08-30T11:34:06 CDT" name="logintest1" finished-at="2023-08-30T11:34:08 CDT" duration-ms="1851" status="PASS">
          <reporter-output>
          </reporter-output>
        </test-method> <!-- logintest1 -->
        <test-method is-config="true" signature="removeDriver()[pri:0, instance:tests.LoginTest@3f4faf53]" started-at="2023-08-30T11:34:08 CDT" name="removeDriver" finished-at="2023-08-30T11:34:08 CDT" duration-ms="96" status="PASS">
          <reporter-output>
          </reporter-output>
        </test-method> <!-- removeDriver -->
      </class> <!-- tests.LoginTest -->
    </test> <!-- Default test -->
  </suite> <!-- Default suite -->
</testng-results>
